build/app/intermediates/manifest_merge_blame_file/release/manifest-merger-blame-release-report.txt
1<?xml version="1.0" encoding="utf-8"?>
2<manifest xmlns:android="http://schemas.android.com/apk/res/android"
3    package="com.example.remote_car"
4    android:versionCode="1"
5    android:versionName="1.0.0" >
6
7    <uses-sdk
8        android:minSdkVersion="19"
8-->src\main\AndroidManifest.xml
9        android:targetSdkVersion="33" />
9-->src\main\AndroidManifest.xml
10
11    <!--
12     Tell Google Play Store that your app uses Bluetooth LE
13     Set android:required="true" if bluetooth is necessary
14    -->
15    <uses-feature
15-->src\main\AndroidManifest.xml:5:5-91
16        android:name="android.hardware.bluetooth_le"
16-->src\main\AndroidManifest.xml:5:19-63
17        android:required="false" />
17-->src\main\AndroidManifest.xml:5:64-88
18
19    <!--
20    New Bluetooth permissions in Android 12
21    https://developer.android.com/about/versions/12/features/bluetooth-permissions
22    -->
23    <uses-permission android:name="android.permission.BLUETOOTH_SCAN" />
23-->src\main\AndroidManifest.xml:9:5-72
23-->src\main\AndroidManifest.xml:9:22-70
24    <uses-permission android:name="android.permission.BLUETOOTH_CONNECT" />
24-->src\main\AndroidManifest.xml:10:5-76
24-->src\main\AndroidManifest.xml:10:22-73
25    <uses-permission android:name="android.permission.ACCESS_FINE_LOCATION" />
25-->src\main\AndroidManifest.xml:11:5-79
25-->src\main\AndroidManifest.xml:11:22-76
26
27    <!-- legacy for Android 11 or lower -->
28    <uses-permission
28-->src\main\AndroidManifest.xml:14:5-95
29        android:name="android.permission.BLUETOOTH"
29-->src\main\AndroidManifest.xml:14:22-65
30        android:maxSdkVersion="30" />
30-->src\main\AndroidManifest.xml:14:66-92
31    <uses-permission
31-->src\main\AndroidManifest.xml:15:5-101
32        android:name="android.permission.BLUETOOTH_ADMIN"
32-->src\main\AndroidManifest.xml:15:22-71
33        android:maxSdkVersion="30" />
33-->src\main\AndroidManifest.xml:15:72-98
34
35    <!-- legacy for Android 9 or lower -->
36    <uses-permission
36-->src\main\AndroidManifest.xml:18:5-108
37        android:name="android.permission.ACCESS_COARSE_LOCATION"
37-->src\main\AndroidManifest.xml:18:22-78
38        android:maxSdkVersion="28" />
38-->src\main\AndroidManifest.xml:18:79-105
39
40    <application
41        android:name="android.app.Application"
41-->src\main\AndroidManifest.xml:22:9-42
42        android:appComponentFactory="androidx.core.app.CoreComponentFactory"
42-->[androidx.core:core:1.6.0] AndroidManifest.xml:24:18-86
43        android:icon="@mipmap/ic_launcher"
43-->src\main\AndroidManifest.xml:23:9-43
44        android:label="remote_car" >
44-->src\main\AndroidManifest.xml:21:9-35
45        <activity
45-->src\main\AndroidManifest.xml:24:9-44:20
46            android:name="com.example.remote_car.MainActivity"
46-->src\main\AndroidManifest.xml:25:13-41
47            android:configChanges="orientation|keyboardHidden|keyboard|screenSize|smallestScreenSize|locale|layoutDirection|fontScale|screenLayout|density|uiMode"
47-->src\main\AndroidManifest.xml:29:13-163
48            android:exported="true"
48-->src\main\AndroidManifest.xml:26:13-36
49            android:hardwareAccelerated="true"
49-->src\main\AndroidManifest.xml:30:13-47
50            android:launchMode="singleTop"
50-->src\main\AndroidManifest.xml:27:13-43
51            android:theme="@style/LaunchTheme"
51-->src\main\AndroidManifest.xml:28:13-47
52            android:windowSoftInputMode="adjustResize" >
52-->src\main\AndroidManifest.xml:31:13-55
53
54            <!--
55                 Specifies an Android theme to apply to this Activity as soon as
56                 the Android process has started. This theme is visible to the user
57                 while the Flutter UI initializes. After that, this theme continues
58                 to determine the Window background behind the Flutter UI.
59            -->
60            <meta-data
60-->src\main\AndroidManifest.xml:36:13-39:17
61                android:name="io.flutter.embedding.android.NormalTheme"
61-->src\main\AndroidManifest.xml:37:15-70
62                android:resource="@style/NormalTheme" />
62-->src\main\AndroidManifest.xml:38:15-52
63
64            <intent-filter>
64-->src\main\AndroidManifest.xml:40:13-43:29
65                <action android:name="android.intent.action.MAIN" />
65-->src\main\AndroidManifest.xml:41:17-68
65-->src\main\AndroidManifest.xml:41:25-66
66
67                <category android:name="android.intent.category.LAUNCHER" />
67-->src\main\AndroidManifest.xml:42:17-76
67-->src\main\AndroidManifest.xml:42:27-74
68            </intent-filter>
69        </activity>
70        <!--
71             Don't delete the meta-data below.
72             This is used by the Flutter tool to generate GeneratedPluginRegistrant.java
73        -->
74        <meta-data
74-->src\main\AndroidManifest.xml:47:9-49:33
75            android:name="flutterEmbedding"
75-->src\main\AndroidManifest.xml:48:13-44
76            android:value="2" />
76-->src\main\AndroidManifest.xml:49:13-30
77
78        <uses-library
78-->[androidx.window:window:1.0.0-beta04] AndroidManifest.xml:25:9-27:40
79            android:name="androidx.window.extensions"
79-->[androidx.window:window:1.0.0-beta04] AndroidManifest.xml:26:13-54
80            android:required="false" />
80-->[androidx.window:window:1.0.0-beta04] AndroidManifest.xml:27:13-37
81        <uses-library
81-->[androidx.window:window:1.0.0-beta04] AndroidManifest.xml:28:9-30:40
82            android:name="androidx.window.sidecar"
82-->[androidx.window:window:1.0.0-beta04] AndroidManifest.xml:29:13-51
83            android:required="false" />
83-->[androidx.window:window:1.0.0-beta04] AndroidManifest.xml:30:13-37
84    </application>
85
86</manifest>